MPASM  5.51            P2_PORTAO_CONTROLE.ASM   8-22-2020  16:48:33         PAGE  1


LOC  OBJECT CODE     LINE SOURCE TEXT
  VALUE

                      00001 ; !!Dados da questao
                      00002 ;  15mseg e 1,2s
                      00003 ; 0 -> saida - 1 -> entrada
                      00004 
                      00005 
                      00006 ; -------  Processador utilizado -------
                      00007 #INCLUDE P16F628A.INC 
                      00001         LIST
                      00002 
                      00003 ;==========================================================================
                      00004 ;  MPASM PIC16F628A processor include
                      00005 ; 
                      00006 ;  (c) Copyright 1999-2013 Microchip Technology, All rights reserved
                      00007 ;==========================================================================
                      00008 
Message[301]: MESSAGE: (Processor-header file mismatch.  Verify selected processor.)
                      00385         LIST
                      00008 
                      00009 
                      00010 ; ------- Cristal e CM  -------
                      00011 ; Cristal => 6,4 MHz
                      00012 ; CM = 4 / 6,4MHz = 6,25x10-7 useg -> 0,625 useg
                      00013 
                      00014 
                      00015 ; ------- Inputs e Outputs  -------
                      00016 #DEFINE          LED            PORTA, 0                                                         ; saida
                      00017 #DEFINE         SINAL1      PORTA, 1
                      00018 #DEFINE         SINAL2     PORTA, 2
                      00019 #DEFINE         CH_PA           PORTB, 1
                      00020 #DEFINE         CH_PF           PORTB, 2
                      00021 #DEFINE         RL1             PORTB, 3                                                         ; saida
                      00022 #DEFINE         RL2             PORTB, 4                                                 ; saida
                      00023 #DEFINE         RL3             PORTB, 5                                                 ; saida
                      00024 
                      00025 
                      00026 ; ------- Registradores de uso geral  -------
                      00027 #DEFINE         LIGA_LED                BCF     LED                                     ; mnemonico - li
                            ga o led
                      00028 #DEFINE         DESL_LED                BSF     LED                                     ; mnemonico - de
                            sliga o led
                      00029 
                      00030 ; ------- Bancos de memoria  -------
                      00031 #DEFINE         BANK0                   BCF             STATUS, RP0                     ; mnemonico - ba
                            nco 0           
                      00032 #DEFINE         BANK1                   BSF             STATUS, RP0                     ; mnemonico - ba
                            nco 1
                      00033 
                      00034 
                      00035 ; ------- Variaveis  -------
                      00036 
                      00037 
                      00038 ; ------- Contadores  -------
  00000020            00039 CONTA1          EQU         20H
MPASM  5.51            P2_PORTAO_CONTROLE.ASM   8-22-2020  16:48:33         PAGE  2


LOC  OBJECT CODE     LINE SOURCE TEXT
  VALUE

  00000021            00040 CONTA2          EQU         21H
  00000022            00041 CONTA3          EQU         22H
                      00042 
                      00043 
                      00044 ; ------- Definindo origem  -------
000000                00045                 ORG                     000H
000000 EF02 F000      00046                 GOTO            INICIO
                      00047 
                      00048 
                      00049 ; ------- Setando as entradas e saidas  -------
000004                00050 INICIO:
000004 8A03           00051                 BANK1
000006 0EFE           00052                 MOVLW           B'11111110'
000008 6F85           00053                 MOVWF           TRISA 
00000A 0EC7           00054                 MOVLW           B'11000111'
00000C 6F86           00055                 MOVWF           TRISB
00000E 9A03           00056                 BANK0
                      00057 
                      00058 
                      00059 ; ------- Sub-rotinas  -------
000010                00060 VOLTA:      
000010 8005           00061                 DESL_LED
000012 9606           00062                 BCF                     RL1
000014 9806           00063                 BCF                     RL2
000016 9A06           00064                 BCF                     RL3
000018 EC36 F000      00065                 CALL                    LP_200MS
                      00066 
                      00067 
00001C                00068 TST_S1:
00001C A205           00069                 BTFSS                   SINAL1
00001E EF15 F000      00070                 GOTO                    TST_S2
                      00071 
                      00072 
000022 8606           00073                 BSF                     RL1 
000024 EC2F F000      00074                 CALL                    LP_2SEG
000028 9606           00075                 BCF                     RL1
                      00076 
                      00077 
00002A                00078 TST_S2:
00002A A405           00079                 BTFSS                   SINAL2
00002C EF0E F000      00080                 GOTO                    TST_S1
                      00081 
000030 B206           00082                 BTFSC                   CH_PA                                                           
                             ; portao aberto?
000032 EF25 F000      00083                 GOTO                    ABRIR
                      00084 
                      00085 
                      00086                 ; # fechar
000036 8806           00087                 BSF                     RL2                                                             
                             ; aciona rele q fecha
000038 9005           00088                 LIGA_LED                                                                                
                             ; liga led
                      00089 
MPASM  5.51            P2_PORTAO_CONTROLE.ASM   8-22-2020  16:48:33         PAGE  3


LOC  OBJECT CODE     LINE SOURCE TEXT
  VALUE

00003A                00090 ESPERA1:
00003A A406           00091                 btfss                   CH_PF                                                           
                             ; portao totalmente fechado?
00003C EF08 F000      00092                 GOTO                    VOLTA
                      00093 
000040 B405           00094                 BTFSC                   SINAL2
000042 EF08 F000      00095                 GOTO                    VOLTA
000046 EF1D F000      00096                 GOTO                    ESPERA1
                      00097 
                      00098 
00004A                00099 ABRIR:       
00004A 8A06           00100                 BSF                     RL3                                                             
                             ; aciona rele q fecha
00004C 9005           00101                 LIGA_LED                                                                                
                                     ; liga led
                      00102                 
                      00103 
00004E                00104 ESPERA2:
00004E A206           00105                 BTFSS                   CH_PA                                                           
                             ; portao totalmente fechado?
000050 EF08 F000      00106                 GOTO                    VOLTA
000054 B405           00107                 BTFSC                   SINAL2
000056 EF08 F000      00108                 GOTO                    VOLTA
00005A EF27 F000      00109                 GOTO                    ESPERA2
                      00110 
                      00111 
                      00112 
                      00113 ; ------- Loops -------
                      00114 
00005E                00115 LP_2SEG:
00005E 0E06           00116                 MOVLW           .6                                                               ; 6 x  
                            200mseg = 1,2s
000060 6E22           00117                 MOVWF           CONTA3
                      00118 
000062                00119 LOOP1:      
000062 EC36 F000      00120                 CALL                    LP_200MS                                                
000066 2E22           00121                 DECFSZ          CONTA3, F
000068 EF31 F000      00122                 GOTO                    LOOP1
                      00123 
00006C                00124 LP_200MS:
                      00125 
00006C 0EC8           00126                 MOVLW           .200                                                             ; 200 x
                             1 mseg = 200 mseg
00006E 6E21           00127                 MOVWF           CONTA2
                      00128 
000070                00129 LP_1MS:   
                      00130                 
000070 0EC8           00131                 MOVLW           .200
000072 6E20           00132                 MOVWF           CONTA1
                      00133 
000074                00134 LOOP:           
000074 0000           00135                 NOP                                                                                     
                             ; 7 x ? x 0,625useg = 1mseg
MPASM  5.51            P2_PORTAO_CONTROLE.ASM   8-22-2020  16:48:33         PAGE  4


LOC  OBJECT CODE     LINE SOURCE TEXT
  VALUE

000076 0000           00136                 NOP                                                                                     
                             ; x = 229
000078 0000           00137                 NOP
00007A 0000           00138                 NOP
00007C 2E20           00139                 DECFSZ          CONTA1, F
00007E EF3A F000      00140                 GOTO                    LOOP
                      00141 
000082 2E21           00142                  DECFSZ         CONTA2, F
000084 EF38 F000      00143                 GOTO                    LP_1MS
000088 0012           00144                 RETURN  
                      00145 
                      00146 
                      00147                 END
MPASM  5.51            P2_PORTAO_CONTROLE.ASM   8-22-2020  16:48:33         PAGE  5


SYMBOL TABLE
  LABEL                             VALUE 

ABRIR                             0000004A
ADDEN                             00000003
ADEN                              00000003
BANK0                             BCF             STATUS, RP0
BANK1                             BSF             STATUS, RP0
BRGH                              00000002
C                                 00000000
C1INV                             00000004
C1OUT                             00000006
C2INV                             00000005
C2OUT                             00000007
CCP1CON                           00000017
CCP1IE                            00000002
CCP1IF                            00000002
CCP1M0                            00000000
CCP1M1                            00000001
CCP1M2                            00000002
CCP1M3                            00000003
CCP1X                             00000005
CCP1Y                             00000004
CCPR1                             00000015
CCPR1H                            00000016
CCPR1L                            00000015
CH_PA                             PORTB, 1
CH_PF                             PORTB, 2
CIS                               00000003
CM0                               00000000
CM1                               00000001
CM2                               00000002
CMCON                             0000001F
CMIE                              00000006
CMIF                              00000006
CONTA1                            00000020
CONTA2                            00000021
CONTA3                            00000022
CREN                              00000004
CSRC                              00000007
DATA_CP_OFF                       00003FFF
DATA_CP_ON                        00003EFF
DC                                00000001
DESL_LED                          BSF     LED
EEADR                             0000009B
EECON1                            0000009C
EECON2                            0000009D
EEDATA                            0000009A
EEIE                              00000007
EEIF                              00000007
ESPERA1                           0000003A
ESPERA2                           0000004E
F                                 00000001
FERR                              00000002
FSR                               00000004
GIE                               00000007
MPASM  5.51            P2_PORTAO_CONTROLE.ASM   8-22-2020  16:48:33         PAGE  6


SYMBOL TABLE
  LABEL                             VALUE 

INDF                              00000000
INICIO                            00000004
INTCON                            0000000B
INTE                              00000004
INTEDG                            00000006
INTF                              00000001
IRP                               00000007
LED                               PORTA, 0
LIGA_LED                          BCF     LED
LOOP                              00000074
LOOP1                             00000062
LP_1MS                            00000070
LP_200MS                          0000006C
LP_2SEG                           0000005E
NOT_BO                            00000000
NOT_BOD                           00000000
NOT_BOR                           00000000
NOT_PD                            00000003
NOT_POR                           00000001
NOT_RBPU                          00000007
NOT_T1SYNC                        00000002
NOT_TO                            00000004
OERR                              00000001
OPTION_REG                        00000081
OSCF                              00000003
PCL                               00000002
PCLATH                            0000000A
PCON                              0000008E
PEIE                              00000006
PIE1                              0000008C
PIR1                              0000000C
PORTA                             00000005
PORTB                             00000006
PR2                               00000092
PS0                               00000000
PS1                               00000001
PS2                               00000002
PSA                               00000003
RA0                               00000000
RA1                               00000001
RA2                               00000002
RA3                               00000003
RA4                               00000004
RA5                               00000005
RA6                               00000006
RA7                               00000007
RB0                               00000000
RB1                               00000001
RB2                               00000002
RB3                               00000003
RB4                               00000004
RB5                               00000005
RB6                               00000006
MPASM  5.51            P2_PORTAO_CONTROLE.ASM   8-22-2020  16:48:33         PAGE  7


SYMBOL TABLE
  LABEL                             VALUE 

RB7                               00000007
RBIE                              00000003
RBIF                              00000000
RCIE                              00000005
RCIF                              00000005
RCREG                             0000001A
RCSTA                             00000018
RD                                00000000
RL1                               PORTB, 3
RL2                               PORTB, 4
RL3                               PORTB, 5
RP0                               00000005
RP1                               00000006
RX9                               00000006
RX9D                              00000000
SINAL1                            PORTA, 1
SINAL2                            PORTA, 2
SPBRG                             00000099
SPEN                              00000007
SREN                              00000005
STATUS                            00000003
SYNC                              00000004
T0CS                              00000005
T0IE                              00000005
T0IF                              00000002
T0SE                              00000004
T1CKPS0                           00000004
T1CKPS1                           00000005
T1CON                             00000010
T1OSCEN                           00000003
T2CKPS0                           00000000
T2CKPS1                           00000001
T2CON                             00000012
TMR0                              00000001
TMR0IE                            00000005
TMR0IF                            00000002
TMR1                              0000000E
TMR1CS                            00000001
TMR1H                             0000000F
TMR1IE                            00000000
TMR1IF                            00000000
TMR1L                             0000000E
TMR1ON                            00000000
TMR2                              00000011
TMR2IE                            00000001
TMR2IF                            00000001
TMR2ON                            00000002
TOUTPS0                           00000003
TOUTPS1                           00000004
TOUTPS2                           00000005
TOUTPS3                           00000006
TRISA                             00000085
TRISA0                            00000000
MPASM  5.51            P2_PORTAO_CONTROLE.ASM   8-22-2020  16:48:33         PAGE  8


SYMBOL TABLE
  LABEL                             VALUE 

TRISA1                            00000001
TRISA2                            00000002
TRISA3                            00000003
TRISA4                            00000004
TRISA5                            00000005
TRISA6                            00000006
TRISA7                            00000007
TRISB                             00000086
TRISB0                            00000000
TRISB1                            00000001
TRISB2                            00000002
TRISB3                            00000003
TRISB4                            00000004
TRISB5                            00000005
TRISB6                            00000006
TRISB7                            00000007
TRMT                              00000001
TST_S1                            0000001C
TST_S2                            0000002A
TX9                               00000006
TX9D                              00000000
TXEN                              00000005
TXIE                              00000004
TXIF                              00000004
TXREG                             00000019
TXSTA                             00000098
VOLTA                             00000010
VR0                               00000000
VR1                               00000001
VR2                               00000002
VR3                               00000003
VRCON                             0000009F
VREN                              00000007
VROE                              00000006
VRR                               00000005
W                                 00000000
WR                                00000001
WREN                              00000002
WRERR                             00000003
Z                                 00000002
_BODEN_OFF                        00003FBF
_BODEN_ON                         00003FFF
_BOREN_OFF                        00003FBF
_BOREN_ON                         00003FFF
_CONFIG                           00002007
_CPD_OFF                          00003FFF
_CPD_ON                           00003EFF
_CP_OFF                           00003FFF
_CP_ON                            00001FFF
_DEVID1                           00002006
_ER_OSC_CLKOUT                    00003FFF
_ER_OSC_NOCLKOUT                  00003FFE
_EXTCLK_OSC                       00003FEF
MPASM  5.51            P2_PORTAO_CONTROLE.ASM   8-22-2020  16:48:33         PAGE  9


SYMBOL TABLE
  LABEL                             VALUE 

_FOSC_ECIO                        00003FEF
_FOSC_EXTRCCLK                    00003FFF
_FOSC_EXTRCIO                     00003FFE
_FOSC_HS                          00003FEE
_FOSC_INTOSCCLK                   00003FFD
_FOSC_INTOSCIO                    00003FFC
_FOSC_LP                          00003FEC
_FOSC_XT                          00003FED
_HS_OSC                           00003FEE
_IDLOC0                           00002000
_IDLOC1                           00002001
_IDLOC2                           00002002
_IDLOC3                           00002003
_INTOSC_OSC_CLKOUT                00003FFD
_INTOSC_OSC_NOCLKOUT              00003FFC
_INTRC_OSC_CLKOUT                 00003FFD
_INTRC_OSC_NOCLKOUT               00003FFC
_LP_OSC                           00003FEC
_LVP_OFF                          00003F7F
_LVP_ON                           00003FFF
_MCLRE_OFF                        00003FDF
_MCLRE_ON                         00003FFF
_PWRTE_OFF                        00003FFF
_PWRTE_ON                         00003FF7
_RC_OSC_CLKOUT                    00003FFF
_RC_OSC_NOCLKOUT                  00003FFE
_WDTE_OFF                         00003FFB
_WDTE_ON                          00003FFF
_WDT_OFF                          00003FFB
_WDT_ON                           00003FFF
_XT_OSC                           00003FED
__18F452                          00000001


MEMORY USAGE MAP ('X' = Used,  '-' = Unused)

0000 : XXXXXXXXXXXXXXXX XXXXXXXXXXXXXXXX XXXXXXXXXXXXXXXX XXXXXXXXXXXXXXXX
0040 : XXXXXXXXXXXXXXXX XXXXXXXXXXXXXXXX XXXXXXXXXXXXXXXX XXXXXXXXXXXXXXXX
0080 : XXXXXXXXXX------ ---------------- ---------------- ----------------

All other memory blocks unused.

Program Memory Bytes Used:   138
Program Memory Bytes Free: 32630


Errors   :     0
Warnings :     0 reported,     0 suppressed
Messages :     1 reported,     0 suppressed

